ase/html2ps/xhtml2ps/xhtml2ps-1.0b7-2.tar.bz2
2015/07/19 13:05:40 Downloaded W:\Softwares\OSs\cygwin-x64/http%3a%2f%2fmirrors.163.com%2fcygwin%2f/x86_64/release/xlhtml/xlhtml-0.5.1-2.tar.xz
2015/07/19 13:05:40 Downloaded W:\Softwares\OSs\cygwin-x64/http%3a%2f%2fmirrors.163.com%2fcygwin%2f/x86_64/release/xlsx2csv/xlsx2csv-0.11+20120814+gitf54ab78-1.tar.bz2
2015/07/19 13:05:41 Downloaded W:\Softwares\OSs\cygwin-x64/http%3a%2f%2fmirrors.163.com%2fcygwin%2f/x86_64/release/xman/xman-1.1.4-1.tar.xz
2015/07/19 13:05:41 Downloaded W:\Softwares\OSs\cygwin-x64/http%3a%2f%2fmirrors.163.com%2fcygwin%2f/x86_64/release/xmlstarlet/xmlstarlet-1.6.1-1.tar.xz
2015/07/19 13:05:41 Downloaded W:\Softwares\OSs\cygwin-x64/http%3a%2f%2fmirrors.163.com%2fcygwin%2f/x86_64/release/xmlto/xmlto-0.0.26-1.tar.xz
2015/07/19 13:05:41 Downloaded W:\Softwares\OSs\cygwin-x64/http%3a%2f%2fmirrors.163.com%2fcygwin%2f/x86_64/release/xorg-server/xorg-server-cygwin-crashreporter/xorg-server-cygwin-crashreporter-20150429-1.tar.xz
2015/07/19 13:05:42 Downloaded W:\Softwares\OSs\cygwin-x64/http%3a%2f%2fmirrors.163.com%2fcygwin%2f/x86_64/release/xtail/xtail-2.1-1.tar.xz
2015/07/19 13:05:42 Downloaded W:\Softwares\OSs\cygwin-x64/http%3a%2f%2fmirrors.163.com%2fcygwin%2f/x86_64/release/xterm/xterm-318-1.tar.xz
2015/07/19 13:05:42 Downloaded W:\Softwares\OSs\cygwin-x64/http%3a%2f%2fmirrors.163.com%2fcygwin%2f/x86_64/release/ytree/ytree-1.97-2.tar.xz
2015/07/19 13:05:45 Downloaded W:\Softwares\OSs\cygwin-x64/http%3a%2f%2fmirrors.163.com%2fcygwin%2f/x86_64/release/zenity/zenity-3.14.0-1.tar.xz
2015/07/19 13:05:45 Downloaded W:\Softwares\OSs\cygwin-x64/http%3a%2f%2fmirrors.163.com%2fcygwin%2f/x86_64/release/zinnia/zinnia-0.06-6.tar.xz
2015/07/19 13:05:52 Downloaded W:\Softwares\OSs\cygwin-x64/http%3a%2f%2fmirrors.163.com%2fcygwin%2f/x86_64/release/zinnia-tomoe/zinnia-tomoe-0.6.0_20080911-1.tar.bz2
2015/07/19 13:05:53 Downloaded W:\Softwares\OSs\cygwin-x64/http%3a%2f%2fmirrors.163.com%2fcygwin%2f/x86_64/release/zsh/zsh-5.0.8-1.tar.bz2
2015/07/19 13:35:38 note: Download Complete
2015/07/19 13:35:38 Ending cygwin install
:05:34 Downloaded W:\Softwares\OSs\cygwin-x64/http%3a%2f%2fmirrors.163.com%2fcygwin%2f/x86_64/release/urlgrabber/urlgrabber-3.1.0-3.tar.bz2
2015/07/19 13:05:34 Downloaded W:\Softwares\OSs\cygwin-x64/http%3a%2f%2fmirrors.163.com%2fcygwin%2f/x86_64/release/vfu/vfu-4.10-2.tar.xz
2015/07/19 13:05:35 Downloaded W:\Softwares\OSs\cygwin-x64/http%3a%2f%2fmirrors.163.com%2fcygwin%2f/x86_64/release/vte2.91/vte2.91-0.38.3-1.tar.xz
2015/07/19 13:05:36 Downloaded W:\Softwares\OSs\cygwin-x64/http%3a%2f%2fmirrors.163.com%2fcygwin%2f/x86_64/release/w3m/w3m-0.5.3-1.tar.bz2
2015/07/19 13:05:36 Downloaded W:\Softwares\OSs\cygwin-x64/http%3a%2f%2fmirrors.163.com%2fcygwin%2f/x86_64/release/wcd/wcd-5.2.6-1.tar.xz
2015/07/19 13:05:37 Downloaded W:\Softwares\OSs\cygwin-x64/http%3a%2f%2fmirrors.163.com%2fcygwin%2f/x86_64/release/wdiff/wdiff-1.2.2-1.tar.xz
2015/07/19 13:05:37 Downloaded W:\Softwares\OSs\cygwin-x64/http%3a%2f%2fmirrors.163.com%2fcygwin%2f/x86_64/release/wiggle/wiggle-0.8-2.tar.bz2
2015/07/19 13:05:37 Downloaded W:\Softwares\OSs\cygwin-x64/http%3a%2f%2fmirrors.163.com%2fcygwin%2f/x86_64/release/cdrkit/wodim/wodim-1.1.11-1.tar.bz2
2015/07/19 13:05:38 Downloaded W:\Softwares\OSs\cygwin-x64/http%3a%2f%2fmirrors.163.com%2fcygwin%2f/x86_64/release/xapian-core/xapian-core-1.2.18-2.tar.xz
2015/07/19 13:05:38 Downloaded W:\Softwares\OSs\cygwin-x64/http%3a%2f%2fmirrors.163.com%2fcygwin%2f/x86_64/release/xcalc/xcalc-1.0.5-1.tar.bz2
2015/07/19 13:05:38 Downloaded W:\Softwares\OSs\cygwin-x64/http%3a%2f%2fmirrors.163.com%2fcygwin%2f/x86_64/release/xclip/xclip-0.12-2.tar.xz
2015/07/19 13:05:38 Downloaded W:\Softwares\OSs\cygwin-x64/http%3a%2f%2fmirrors.163.com%2fcygwin%2f/x86_64/release/xdelta/xdelta-3.0.9-1.tar.xz
2015/07/19 13:05:40 Downloaded W:\Softwares\OSs\cygwin-x64/http%3a%2f%2fmirrors.163.com%2fcygwin%2f/x86_64/release/xfce4-terminal/xfce4-terminal-0.6.3-1.tar.xz
2015/07/19 13:05:40 Downloaded W:\Softwares\OSs\cygwin-x64/http%3a%2f%2fmirrors.163.com%2fcygwin%2f/x86_64/releres\OSsrsions2015/07/19 13:38:09 Starting cygwin install, version 2.871
2015/07/19 13:38:09 User has backup/restore rights
2015/07/19 13:38:09 Current Directory: W:\Softwares\OSs\cygwin-x64
2015/07/19 13:38:09 Could not open service McShield for query, start and stop. McAfee may not be installed, or we don't have access.
2015/07/19 13:38:12 source: download
2015/07/19 13:38:13 Selected local directory: W:\Softwares\OSs\cygwin-x64
2015/07/19 13:38:14 net: Direct
2015/07/19 13:38:16 site: http://mirrors.163.com/cygwin/
2015/07/19 13:38:57 Adding required dependency cygwin-devel: Selecting version 2.1.0-1 for installation.
2015/07/19 13:38:57 Adding required dependency libiconv: Selecting version 1.14-3 for installation.
2015/07/19 13:38:57 Adding required dependency libpipeline1: Selecting version 1.4.0-1 for installation.
2015/07/19 13:38:57 Adding required dependency libpng16: Selecting version 1.6.17-1 for installation.
2015/07/19 13:38:57 Adding required dependency libsmartcols1: Selecting version 2.25.2-2 for installation.
2015/07/19 13:38:57 Adding required dependency libxml2: Selecting version 2.9.2-1 for installation.
2015/07/19 13:38:57 Adding required dependency lynx: Selecting version 2.8.7-2 for installation.
2015/07/19 13:38:57 Adding required dependency perl-Carp: Selecting version 1.3301-2 for installation.
2015/07/19 13:38:57 Adding required dependency perl-Pod-Simple: Selecting version 3.30-1 for installation.
2015/07/19 13:38:57 Adding required dependency perl_autorebase: Selecting version 5.14.4-3 for installation.
2015/07/19 13:38:57 Adding required dependency perl_base: Selecting version 5.14.4-3 for installation.
2015/07/19 13:38:57 Adding required dependency shared-mime-info: Selecting version 1.4-1 for installation.
2015/07/19 13:38:57 Adding required dependency windows-default-manifest: Selecting version 6.4-1 for installation.
2015/07/19 13:38:58 note: Download Complete
2015/07/19 13:38:58 Ending cygwin install
